<?xml version="1.0" encoding="UTF-8"?>
<!-- Generated by org.testng.reporters.JUnitXMLReporter -->
<testsuite hostname="DESKTOP-PH2DJEV" ignored="17" name="Test" tests="2" failures="1" timestamp="2022-11-17T20:32:48 IST" time="66.161" errors="0">
  <testcase name="Testcase18" time="0.031" classname="Testcasewebpage.Test_Cases"/>
  <testcase name="Testcase19" time="47.448" classname="Testcasewebpage.Test_Cases">
    <failure type="org.openqa.selenium.TimeoutException" message="Expected condition failed: waiting for visibility of Proxy element for: DefaultElementLocator &amp;apos;By.xpath: //span[@class=&amp;apos;_ab37&amp;apos;]&amp;apos; (tried for 20 second(s) with 500 milliseconds interval)">
      <![CDATA[org.openqa.selenium.TimeoutException: Expected condition failed: waiting for visibility of Proxy element for: DefaultElementLocator 'By.xpath: //span[@class='_ab37']' (tried for 20 second(s) with 500 milliseconds interval)
at org.openqa.selenium.support.ui.WebDriverWait.timeoutException(WebDriverWait.java:138)
at org.openqa.selenium.support.ui.FluentWait.until(FluentWait.java:231)
at Utiltywebpage.Wait_Helper.explicitwait_visibilty(Wait_Helper.java:28)
at pomwebpage.Home_POM.naviagate_instagram(Home_POM.java:178)
at Testcasewebpage.Test_Cases.Testcase19(Test_Cases.java:273)
at java.util.ArrayList.forEach(Unknown Source)
Caused by: org.openqa.selenium.NoSuchElementException: no such element: Unable to locate element: {"method":"xpath","selector":"//span[@class='_ab37']"}
  (Session info: chrome=107.0.5304.107)
For documentation on this error, please visit: https://selenium.dev/exceptions/#no_such_element
Build info: version: '4.0.0', revision: '3a21814679'
System info: host: 'DESKTOP-PH2DJEV', ip: '192.168.149.25', os.name: 'Windows 10', os.arch: 'amd64', os.version: '10.0', java.version: '1.8.0_341'
Driver info: org.openqa.selenium.chrome.ChromeDriver
Command: [6ea5731ab4dd82ab6f8377cf43ed8f62, findElement {using=xpath, value=//span[@class='_ab37']}]
Capabilities {acceptInsecureCerts: false, browserName: chrome, browserVersion: 107.0.5304.107, chrome: {chromedriverVersion: 107.0.5304.62 (1eec40d3a576..., userDataDir: C:\Users\dell\AppData\Local...}, goog:chromeOptions: {debuggerAddress: localhost:63363}, javascriptEnabled: true, networkConnectionEnabled: false, pageLoadStrategy: normal, platform: WINDOWS, platformName: WINDOWS, proxy: Proxy(), se:cdp: ws://localhost:63363/devtoo..., se:cdpVersion: 107.0.5304.107, setWindowRect: true, strictFileInteractability: false, timeouts: {implicit: 0, pageLoad: 300000, script: 30000}, unhandledPromptBehavior: dismiss and notify, webauthn:extension:credBlob: true, webauthn:extension:largeBlob: true, webauthn:virtualAuthenticators: true}
Session ID: 6ea5731ab4dd82ab6f8377cf43ed8f62
at org.openqa.selenium.remote.codec.w3c.W3CHttpResponseCodec.createException(W3CHttpResponseCodec.java:200)
at org.openqa.selenium.remote.codec.w3c.W3CHttpResponseCodec.decode(W3CHttpResponseCodec.java:133)
at org.openqa.selenium.remote.codec.w3c.W3CHttpResponseCodec.decode(W3CHttpResponseCodec.java:53)
at org.openqa.selenium.remote.HttpCommandExecutor.execute(HttpCommandExecutor.java:184)
at org.openqa.selenium.remote.service.DriverCommandExecutor.invokeExecute(DriverCommandExecutor.java:164)
at org.openqa.selenium.remote.service.DriverCommandExecutor.execute(DriverCommandExecutor.java:139)
at org.openqa.selenium.remote.RemoteWebDriver.execute(RemoteWebDriver.java:559)
at org.openqa.selenium.remote.ElementLocation$ElementFinder$2.findElement(ElementLocation.java:162)
at org.openqa.selenium.remote.ElementLocation.findElement(ElementLocation.java:60)
at org.openqa.selenium.remote.RemoteWebDriver.findElement(RemoteWebDriver.java:383)
at org.openqa.selenium.remote.RemoteWebDriver.findElement(RemoteWebDriver.java:375)
at org.openqa.selenium.support.pagefactory.DefaultElementLocator.findElement(DefaultElementLocator.java:70)
at org.openqa.selenium.support.pagefactory.internal.LocatingElementHandler.invoke(LocatingElementHandler.java:39)
at com.sun.proxy.$Proxy39.isDisplayed(Unknown Source)
at org.openqa.selenium.support.ui.ExpectedConditions.elementIfVisible(ExpectedConditions.java:307)
at org.openqa.selenium.support.ui.ExpectedConditions.access$000(ExpectedConditions.java:40)
at org.openqa.selenium.support.ui.ExpectedConditions$10.apply(ExpectedConditions.java:293)
at org.openqa.selenium.support.ui.ExpectedConditions$10.apply(ExpectedConditions.java:290)
at org.openqa.selenium.support.ui.FluentWait.until(FluentWait.java:208)
... 31 more
... Removed 31 stack frames]]>
    </failure>
  </testcase> <!-- Testcase19 -->
  <testcase name="Testcase13" time="0.0" classname="Testcasewebpage.Test_Cases">
    <ignored/>
  </testcase> <!-- Testcase13 -->
  <testcase name="Testcase15" time="0.0" classname="Testcasewebpage.Test_Cases">
    <ignored/>
  </testcase> <!-- Testcase15 -->
  <testcase name="Testcase14" time="0.0" classname="Testcasewebpage.Test_Cases">
    <ignored/>
  </testcase> <!-- Testcase14 -->
  <testcase name="Testcase16" time="0.0" classname="Testcasewebpage.Test_Cases">
    <ignored/>
  </testcase> <!-- Testcase16 -->
  <testcase name="Testcase11" time="0.0" classname="Testcasewebpage.Test_Cases">
    <ignored/>
  </testcase> <!-- Testcase11 -->
  <testcase name="Testcase10" time="0.0" classname="Testcasewebpage.Test_Cases">
    <ignored/>
  </testcase> <!-- Testcase10 -->
  <testcase name="Testcase1" time="0.0" classname="Testcasewebpage.Test_Cases">
    <ignored/>
  </testcase> <!-- Testcase1 -->
  <testcase name="Testcase17" time="0.0" classname="Testcasewebpage.Test_Cases">
    <ignored/>
  </testcase> <!-- Testcase17 -->
  <testcase name="Testcase5" time="0.0" classname="Testcasewebpage.Test_Cases">
    <ignored/>
  </testcase> <!-- Testcase5 -->
  <testcase name="Testcase9" time="0.0" classname="Testcasewebpage.Test_Cases">
    <ignored/>
  </testcase> <!-- Testcase9 -->
  <testcase name="Testcase2" time="0.0" classname="Testcasewebpage.Test_Cases">
    <ignored/>
  </testcase> <!-- Testcase2 -->
  <testcase name="Testcase3" time="0.0" classname="Testcasewebpage.Test_Cases">
    <ignored/>
  </testcase> <!-- Testcase3 -->
  <testcase name="Testcase4" time="0.0" classname="Testcasewebpage.Test_Cases">
    <ignored/>
  </testcase> <!-- Testcase4 -->
  <testcase name="Testcase6" time="0.0" classname="Testcasewebpage.Test_Cases">
    <ignored/>
  </testcase> <!-- Testcase6 -->
  <testcase name="Testcase7" time="0.0" classname="Testcasewebpage.Test_Cases">
    <ignored/>
  </testcase> <!-- Testcase7 -->
  <testcase name="Testcase8" time="0.0" classname="Testcasewebpage.Test_Cases">
    <ignored/>
  </testcase> <!-- Testcase8 -->
  <testcase name="Testcase12" time="0.0" classname="Testcasewebpage.Test_Cases">
    <ignored/>
  </testcase> <!-- Testcase12 -->
</testsuite> <!-- Test -->
