<?xml version="1.0" encoding="UTF-8"?>
<!-- Generated by org.testng.reporters.JUnitReportReporter -->
<testsuite skipped="17" hostname="DESKTOP-PH2DJEV" name="Testcasewebpage.Test_Cases" tests="19" failures="0" timestamp="2022-11-17T20:32:48 IST" time="65.226" errors="1">
  <testcase name="Testcase18" time="10.512" classname="Testcasewebpage.Test_Cases"/>
  <system-out/>
  <testcase name="Testcase19" time="54.714" classname="Testcasewebpage.Test_Cases">
    <error type="org.openqa.selenium.TimeoutException" message="Expected condition failed: waiting for visibility of Proxy element for: DefaultElementLocator &#039;By.xpath: //span[@class=&#039;_ab37&#039;]&#039; (tried for 20 second(s) with 500 milliseconds interval)">
      <![CDATA[org.openqa.selenium.TimeoutException: Expected condition failed: waiting for visibility of Proxy element for: DefaultElementLocator 'By.xpath: //span[@class='_ab37']' (tried for 20 second(s) with 500 milliseconds interval)
at org.openqa.selenium.support.ui.WebDriverWait.timeoutException(WebDriverWait.java:138)
at org.openqa.selenium.support.ui.FluentWait.until(FluentWait.java:231)
at Utiltywebpage.Wait_Helper.explicitwait_visibilty(Wait_Helper.java:28)
at pomwebpage.Home_POM.naviagate_instagram(Home_POM.java:178)
at Testcasewebpage.Test_Cases.Testcase19(Test_Cases.java:273)
at sun.reflect.NativeMethodAccessorImpl.invoke0(Native Method)
at sun.reflect.NativeMethodAccessorImpl.invoke(Unknown Source)
at sun.reflect.DelegatingMethodAccessorImpl.invoke(Unknown Source)
at java.lang.reflect.Method.invoke(Unknown Source)
at org.testng.internal.MethodInvocationHelper.invokeMethod(MethodInvocationHelper.java:133)
at org.testng.internal.TestInvoker.invokeMethod(TestInvoker.java:598)
at org.testng.internal.TestInvoker.invokeTestMethod(TestInvoker.java:173)
at org.testng.internal.MethodRunner.runInSequence(MethodRunner.java:46)
at org.testng.internal.TestInvoker$MethodInvocationAgent.invoke(TestInvoker.java:824)
at org.testng.internal.TestInvoker.invokeTestMethods(TestInvoker.java:146)
at org.testng.internal.TestMethodWorker.invokeTestMethods(TestMethodWorker.java:146)
at org.testng.internal.TestMethodWorker.run(TestMethodWorker.java:128)
at java.util.ArrayList.forEach(Unknown Source)
at org.testng.TestRunner.privateRun(TestRunner.java:794)
at org.testng.TestRunner.run(TestRunner.java:596)
at org.testng.SuiteRunner.runTest(SuiteRunner.java:377)
at org.testng.SuiteRunner.runSequentially(SuiteRunner.java:371)
at org.testng.SuiteRunner.privateRun(SuiteRunner.java:332)
at org.testng.SuiteRunner.run(SuiteRunner.java:276)
at org.testng.SuiteRunnerWorker.runSuite(SuiteRunnerWorker.java:53)
at org.testng.SuiteRunnerWorker.run(SuiteRunnerWorker.java:96)
at org.testng.TestNG.runSuitesSequentially(TestNG.java:1212)
at org.testng.TestNG.runSuitesLocally(TestNG.java:1134)
at org.testng.TestNG.runSuites(TestNG.java:1063)
at org.testng.TestNG.run(TestNG.java:1031)
at org.testng.remote.AbstractRemoteTestNG.run(AbstractRemoteTestNG.java:115)
at org.testng.remote.RemoteTestNG.initAndRun(RemoteTestNG.java:251)
at org.testng.remote.RemoteTestNG.main(RemoteTestNG.java:77)
Caused by: org.openqa.selenium.NoSuchElementException: no such element: Unable to locate element: {"method":"xpath","selector":"//span[@class='_ab37']"}
  (Session info: chrome=107.0.5304.107)
For documentation on this error, please visit: https://selenium.dev/exceptions/#no_such_element
Build info: version: '4.0.0', revision: '3a21814679'
System info: host: 'DESKTOP-PH2DJEV', ip: '192.168.149.25', os.name: 'Windows 10', os.arch: 'amd64', os.version: '10.0', java.version: '1.8.0_341'
Driver info: org.openqa.selenium.chrome.ChromeDriver
Command: [6ea5731ab4dd82ab6f8377cf43ed8f62, findElement {using=xpath, value=//span[@class='_ab37']}]
Capabilities {acceptInsecureCerts: false, browserName: chrome, browserVersion: 107.0.5304.107, chrome: {chromedriverVersion: 107.0.5304.62 (1eec40d3a576..., userDataDir: C:\Users\dell\AppData\Local...}, goog:chromeOptions: {debuggerAddress: localhost:63363}, javascriptEnabled: true, networkConnectionEnabled: false, pageLoadStrategy: normal, platform: WINDOWS, platformName: WINDOWS, proxy: Proxy(), se:cdp: ws://localhost:63363/devtoo..., se:cdpVersion: 107.0.5304.107, setWindowRect: true, strictFileInteractability: false, timeouts: {implicit: 0, pageLoad: 300000, script: 30000}, unhandledPromptBehavior: dismiss and notify, webauthn:extension:credBlob: true, webauthn:extension:largeBlob: true, webauthn:virtualAuthenticators: true}
Session ID: 6ea5731ab4dd82ab6f8377cf43ed8f62
at sun.reflect.NativeConstructorAccessorImpl.newInstance0(Native Method)
at sun.reflect.NativeConstructorAccessorImpl.newInstance(Unknown Source)
at sun.reflect.DelegatingConstructorAccessorImpl.newInstance(Unknown Source)
at java.lang.reflect.Constructor.newInstance(Unknown Source)
at org.openqa.selenium.remote.codec.w3c.W3CHttpResponseCodec.createException(W3CHttpResponseCodec.java:200)
at org.openqa.selenium.remote.codec.w3c.W3CHttpResponseCodec.decode(W3CHttpResponseCodec.java:133)
at org.openqa.selenium.remote.codec.w3c.W3CHttpResponseCodec.decode(W3CHttpResponseCodec.java:53)
at org.openqa.selenium.remote.HttpCommandExecutor.execute(HttpCommandExecutor.java:184)
at org.openqa.selenium.remote.service.DriverCommandExecutor.invokeExecute(DriverCommandExecutor.java:164)
at org.openqa.selenium.remote.service.DriverCommandExecutor.execute(DriverCommandExecutor.java:139)
at org.openqa.selenium.remote.RemoteWebDriver.execute(RemoteWebDriver.java:559)
at org.openqa.selenium.remote.ElementLocation$ElementFinder$2.findElement(ElementLocation.java:162)
at org.openqa.selenium.remote.ElementLocation.findElement(ElementLocation.java:60)
at org.openqa.selenium.remote.RemoteWebDriver.findElement(RemoteWebDriver.java:383)
at org.openqa.selenium.remote.RemoteWebDriver.findElement(RemoteWebDriver.java:375)
at org.openqa.selenium.support.pagefactory.DefaultElementLocator.findElement(DefaultElementLocator.java:70)
at org.openqa.selenium.support.pagefactory.internal.LocatingElementHandler.invoke(LocatingElementHandler.java:39)
at com.sun.proxy.$Proxy39.isDisplayed(Unknown Source)
at org.openqa.selenium.support.ui.ExpectedConditions.elementIfVisible(ExpectedConditions.java:307)
at org.openqa.selenium.support.ui.ExpectedConditions.access$000(ExpectedConditions.java:40)
at org.openqa.selenium.support.ui.ExpectedConditions$10.apply(ExpectedConditions.java:293)
at org.openqa.selenium.support.ui.ExpectedConditions$10.apply(ExpectedConditions.java:290)
at org.openqa.selenium.support.ui.FluentWait.until(FluentWait.java:208)
... 31 more
]]>
    </error>
  </testcase> <!-- Testcase19 -->
  <system-out/>
  <testcase name="Testcase13" classname="Testcasewebpage.Test_Cases">
    <skipped/>
  </testcase> <!-- Testcase13 -->
  <system-out/>
  <testcase name="Testcase15" classname="Testcasewebpage.Test_Cases">
    <skipped/>
  </testcase> <!-- Testcase15 -->
  <system-out/>
  <testcase name="Testcase14" classname="Testcasewebpage.Test_Cases">
    <skipped/>
  </testcase> <!-- Testcase14 -->
  <system-out/>
  <testcase name="Testcase16" classname="Testcasewebpage.Test_Cases">
    <skipped/>
  </testcase> <!-- Testcase16 -->
  <system-out/>
  <testcase name="Testcase11" classname="Testcasewebpage.Test_Cases">
    <skipped/>
  </testcase> <!-- Testcase11 -->
  <system-out/>
  <testcase name="Testcase10" classname="Testcasewebpage.Test_Cases">
    <skipped/>
  </testcase> <!-- Testcase10 -->
  <system-out/>
  <testcase name="Testcase1" classname="Testcasewebpage.Test_Cases">
    <skipped/>
  </testcase> <!-- Testcase1 -->
  <system-out/>
  <testcase name="Testcase17" classname="Testcasewebpage.Test_Cases">
    <skipped/>
  </testcase> <!-- Testcase17 -->
  <system-out/>
  <testcase name="Testcase5" classname="Testcasewebpage.Test_Cases">
    <skipped/>
  </testcase> <!-- Testcase5 -->
  <system-out/>
  <testcase name="Testcase9" classname="Testcasewebpage.Test_Cases">
    <skipped/>
  </testcase> <!-- Testcase9 -->
  <system-out/>
  <testcase name="Testcase2" classname="Testcasewebpage.Test_Cases">
    <skipped/>
  </testcase> <!-- Testcase2 -->
  <system-out/>
  <testcase name="Testcase3" classname="Testcasewebpage.Test_Cases">
    <skipped/>
  </testcase> <!-- Testcase3 -->
  <system-out/>
  <testcase name="Testcase4" classname="Testcasewebpage.Test_Cases">
    <skipped/>
  </testcase> <!-- Testcase4 -->
  <system-out/>
  <testcase name="Testcase6" classname="Testcasewebpage.Test_Cases">
    <skipped/>
  </testcase> <!-- Testcase6 -->
  <system-out/>
  <testcase name="Testcase7" classname="Testcasewebpage.Test_Cases">
    <skipped/>
  </testcase> <!-- Testcase7 -->
  <system-out/>
  <testcase name="Testcase8" classname="Testcasewebpage.Test_Cases">
    <skipped/>
  </testcase> <!-- Testcase8 -->
  <system-out/>
  <testcase name="Testcase12" classname="Testcasewebpage.Test_Cases">
    <skipped/>
  </testcase> <!-- Testcase12 -->
  <system-out/>
</testsuite> <!-- Testcasewebpage.Test_Cases -->
